<?xml version="1.0" encoding="UTF-8"?>
<robot generator="Robot 3.2.1 (Python 3.8.5 on win32)" generated="20200907 11:49:04.992" rpa="false">
<suite id="s1" name="Test Browse Gifts" source="C:\Users\rajbi\PycharmProjects\FernsPetals\tests\test_browse_gifts.robot">
<test id="s1-t1" name="Visit Home Page">
<kw name="Open browser to Home Page">
<kw name="Open Browser" library="SeleniumLibrary">
<doc>Opens a new browser instance to the optional ``url``.</doc>
<arguments>
<arg>${login_url}</arg>
<arg>${browser}</arg>
</arguments>
<msg timestamp="20200907 11:49:05.379" level="INFO">Opening browser 'chrome' to base url 'https://www.fnp.com/'.</msg>
<status status="PASS" starttime="20200907 11:49:05.379" endtime="20200907 11:49:13.723"></status>
</kw>
<status status="PASS" starttime="20200907 11:49:05.379" endtime="20200907 11:49:13.723"></status>
</kw>
<kw name="Close Browser" library="SeleniumLibrary" type="teardown">
<doc>Closes the current browser.</doc>
<status status="PASS" starttime="20200907 11:49:13.734" endtime="20200907 11:49:16.650"></status>
</kw>
<status status="PASS" starttime="20200907 11:49:05.378" endtime="20200907 11:49:16.650" critical="yes"></status>
</test>
<doc>Suite description</doc>
<status status="PASS" starttime="20200907 11:49:04.997" endtime="20200907 11:49:16.652"></status>
</suite>
<statistics>
<total>
<stat pass="1" fail="0">Critical Tests</stat>
<stat pass="1" fail="0">All Tests</stat>
</total>
<tag>
</tag>
<suite>
<stat pass="1" fail="0" id="s1" name="Test Browse Gifts">Test Browse Gifts</stat>
</suite>
</statistics>
<errors>
</errors>
</robot>
